2021-09-17 14:44:48.300 INFO  com.august.cms.config.CmsApplication              :55   [32m                  [0;39m Starting CmsApplication using Java 1.8.0_282 on DESKTOP-B1HIM51 with PID 2000 (E:\ideaWorkSpace\CMS\target\classes started by 战神 in E:\ideaWorkSpace\CMS)
2021-09-17 14:44:48.300 INFO  org.hibernate.validator.internal.util.Version     :21   [32m                  [0;39m HV000001: Hibernate Validator 6.2.0.Final
2021-09-17 14:44:48.302 INFO  com.august.cms.config.CmsApplication              :659  [32m                  [0;39m No active profile set, falling back to default profiles: default
2021-09-17 14:44:48.344 INFO  o.s.b.d.env.DevToolsPropertyDefaultsPostProcessor :255  [32m                  [0;39m Devtools property defaults active! Set 'spring.devtools.add-properties' to 'false' to disable
2021-09-17 14:44:48.345 INFO  o.s.b.d.env.DevToolsPropertyDefaultsPostProcessor :255  [32m                  [0;39m For additional web related logging consider setting the 'logging.level.web' property to 'DEBUG'
2021-09-17 14:44:48.990 INFO  o.s.d.r.config.RepositoryConfigurationDelegate    :262  [32m                  [0;39m Multiple Spring Data modules found, entering strict repository configuration mode!
2021-09-17 14:44:48.992 INFO  o.s.d.r.config.RepositoryConfigurationDelegate    :132  [32m                  [0;39m Bootstrapping Spring Data Redis repositories in DEFAULT mode.
2021-09-17 14:44:49.015 INFO  o.s.d.r.config.RepositoryConfigurationDelegate    :201  [32m                  [0;39m Finished Spring Data repository scanning in 5 ms. Found 0 Redis repository interfaces.
2021-09-17 14:44:49.123 WARN  org.mybatis.spring.mapper.ClassPathMapperScanner  :44   [32m                  [0;39m No MyBatis mapper was found in '[com.august.cms.mapper]' package. Please check your configuration.
2021-09-17 14:44:49.506 INFO  o.s.boot.web.embedded.tomcat.TomcatWebServer      :108  [32m                  [0;39m Tomcat initialized with port(s): 8081 (http)
2021-09-17 14:44:49.515 INFO  org.apache.coyote.http11.Http11NioProtocol        :173  [32m                  [0;39m Initializing ProtocolHandler ["http-nio-8081"]
2021-09-17 14:44:49.515 INFO  org.apache.catalina.core.StandardService          :173  [32m                  [0;39m Starting service [Tomcat]
2021-09-17 14:44:49.515 INFO  org.apache.catalina.core.StandardEngine           :173  [32m                  [0;39m Starting Servlet engine: [Apache Tomcat/9.0.52]
2021-09-17 14:44:49.580 INFO  o.a.c.core.ContainerBase.[Tomcat].[localhost].[/] :173  [32m                  [0;39m Initializing Spring embedded WebApplicationContext
2021-09-17 14:44:49.580 INFO  o.s.b.w.s.c.ServletWebServerApplicationContext    :290  [32m                  [0;39m Root WebApplicationContext: initialization completed in 1234 ms
2021-09-17 14:44:50.177 INFO  o.s.b.d.autoconfigure.OptionalLiveReloadServer    :58   [32m                  [0;39m LiveReload server is running on port 35729
2021-09-17 14:44:50.192 INFO  org.apache.coyote.http11.Http11NioProtocol        :173  [32m                  [0;39m Starting ProtocolHandler ["http-nio-8081"]
2021-09-17 14:44:50.206 INFO  o.s.boot.web.embedded.tomcat.TomcatWebServer      :220  [32m                  [0;39m Tomcat started on port(s): 8081 (http) with context path ''
2021-09-17 14:44:50.216 INFO  com.august.cms.config.CmsApplication              :61   [32m                  [0;39m Started CmsApplication in 2.808 seconds (JVM running for 4.262)
2021-09-17 14:44:50.219 INFO  com.august.cms.config.CmsApplication              :24   [32m                  [0;39m server is running！！
2021-09-17 14:44:50.219 INFO  com.august.cms.config.CmsApplication              :25   [32m                  [0;39m address: 	http://127.0.0.1:8081
